# JRE version: Java(TM) SE Runtime Environment (8.0_144-b01) (build 1.8.0_144-b01)
# Java VM: Java HotSpot(TM) 64-Bit Server VM (25.144-b01 mixed mode linux-amd64 compressed oops)
Heap:
 PSYoungGen      total 309760K, used 0K [0x00000000eb700000, 0x0000000100000000, 0x0000000100000000)
  eden space 282624K, 0% used [0x00000000eb700000,0x00000000eb700000,0x00000000fcb00000)
  from space 27136K, 0% used [0x00000000fcb00000,0x00000000fcb00000,0x00000000fe580000)
  to   space 27136K, 0% used [0x00000000fe580000,0x00000000fe580000,0x0000000100000000)
 ParOldGen       total 85504K, used 81717K [0x00000000c2400000, 0x00000000c7780000, 0x00000000eb700000)
  object space 85504K, 95% used [0x00000000c2400000,0x00000000c73cd428,0x00000000c7780000)
 Metaspace       used 56011K, capacity 56792K, committed 63320K, reserved 1105920K
  class space    used 6253K, capacity 6503K, committed 7296K, reserved 1048576K
GC Heap History (10 events):
Event: 38.179 GC heap after
Heap after GC invocations=20 (full 3):
 PSYoungGen      total 318464K, used 18416K [0x00000000eb700000, 0x0000000100000000, 0x0000000100000000)
  eden space 300032K, 0% used [0x00000000eb700000,0x00000000eb700000,0x00000000fdc00000)
  from space 18432K, 99% used [0x00000000fdc00000,0x00000000fedfc290,0x00000000fee00000)
  to   space 18432K, 0% used [0x00000000fee00000,0x00000000fee00000,0x0000000100000000)
 ParOldGen       total 85504K, used 39620K [0x00000000c2400000, 0x00000000c7780000, 0x00000000eb700000)
  object space 85504K, 46% used [0x00000000c2400000,0x00000000c4ab11f8,0x00000000c7780000)
 Metaspace       used 56623K, capacity 57324K, committed 58200K, reserved 1099776K
  class space    used 6531K, capacity 6753K, committed 7040K, reserved 1048576K
}
Event: 47.440 GC heap before
{Heap before GC invocations=21 (full 3):
 PSYoungGen      total 318464K, used 318448K [0x00000000eb700000, 0x0000000100000000, 0x0000000100000000)
  eden space 300032K, 100% used [0x00000000eb700000,0x00000000fdc00000,0x00000000fdc00000)
  from space 18432K, 99% used [0x00000000fdc00000,0x00000000fedfc290,0x00000000fee00000)
  to   space 18432K, 0% used [0x00000000fee00000,0x00000000fee00000,0x0000000100000000)
 ParOldGen       total 85504K, used 39620K [0x00000000c2400000, 0x00000000c7780000, 0x00000000eb700000)
  object space 85504K, 46% used [0x00000000c2400000,0x00000000c4ab11f8,0x00000000c7780000)
 Metaspace       used 57875K, capacity 58596K, committed 59480K, reserved 1101824K
  class space    used 6627K, capacity 6859K, committed 7040K, reserved 1048576K
Event: 47.707 GC heap after
Heap after GC invocations=21 (full 3):
 PSYoungGen      total 309248K, used 15525K [0x00000000eb700000, 0x0000000100000000, 0x0000000100000000)
  eden space 290816K, 0% used [0x00000000eb700000,0x00000000eb700000,0x00000000fd300000)
  from space 18432K, 84% used [0x00000000fee00000,0x00000000ffd29538,0x0000000100000000)
  to   space 23040K, 0% used [0x00000000fd300000,0x00000000fd300000,0x00000000fe980000)
 ParOldGen       total 85504K, used 52207K [0x00000000c2400000, 0x00000000c7780000, 0x00000000eb700000)
  object space 85504K, 61% used [0x00000000c2400000,0x00000000c56fbcd0,0x00000000c7780000)
 Metaspace       used 57875K, capacity 58596K, committed 59480K, reserved 1101824K
  class space    used 6627K, capacity 6859K, committed 7040K, reserved 1048576K
}
Event: 56.645 GC heap before
{Heap before GC invocations=22 (full 3):
 PSYoungGen      total 309248K, used 306341K [0x00000000eb700000, 0x0000000100000000, 0x0000000100000000)
  eden space 290816K, 100% used [0x00000000eb700000,0x00000000fd300000,0x00000000fd300000)
  from space 18432K, 84% used [0x00000000fee00000,0x00000000ffd29538,0x0000000100000000)
  to   space 23040K, 0% used [0x00000000fd300000,0x00000000fd300000,0x00000000fe980000)
 ParOldGen       total 85504K, used 52207K [0x00000000c2400000, 0x00000000c7780000, 0x00000000eb700000)
  object space 85504K, 61% used [0x00000000c2400000,0x00000000c56fbcd0,0x00000000c7780000)
 Metaspace       used 59121K, capacity 59868K, committed 60504K, reserved 1103872K
  class space    used 6723K, capacity 6965K, committed 7040K, reserved 1048576K
Event: 56.696 GC heap after
Heap after GC invocations=22 (full 3):
 PSYoungGen      total 305664K, used 14455K [0x00000000eb700000, 0x0000000100000000, 0x0000000100000000)
  eden space 290816K, 0% used [0x00000000eb700000,0x00000000eb700000,0x00000000fd300000)
  from space 14848K, 97% used [0x00000000fd300000,0x00000000fe11dee8,0x00000000fe180000)
  to   space 23552K, 0% used [0x00000000fe900000,0x00000000fe900000,0x0000000100000000)
 ParOldGen       total 85504K, used 62533K [0x00000000c2400000, 0x00000000c7780000, 0x00000000eb700000)
  object space 85504K, 73% used [0x00000000c2400000,0x00000000c61114e0,0x00000000c7780000)
 Metaspace       used 59121K, capacity 59868K, committed 60504K, reserved 1103872K
  class space    used 6723K, capacity 6965K, committed 7040K, reserved 1048576K
}
Event: 65.135 GC heap before
{Heap before GC invocations=23 (full 3):
 PSYoungGen      total 305664K, used 305271K [0x00000000eb700000, 0x0000000100000000, 0x0000000100000000)
  eden space 290816K, 100% used [0x00000000eb700000,0x00000000fd300000,0x00000000fd300000)
  from space 14848K, 97% used [0x00000000fd300000,0x00000000fe11dee8,0x00000000fe180000)
  to   space 23552K, 0% used [0x00000000fe900000,0x00000000fe900000,0x0000000100000000)
 ParOldGen       total 85504K, used 62533K [0x00000000c2400000, 0x00000000c7780000, 0x00000000eb700000)
  object space 85504K, 73% used [0x00000000c2400000,0x00000000c61114e0,0x00000000c7780000)
 Metaspace       used 60365K, capacity 61140K, committed 61912K, reserved 1103872K
  class space    used 6818K, capacity 7071K, committed 7168K, reserved 1048576K
Event: 65.201 GC heap after
Heap after GC invocations=23 (full 3):
 PSYoungGen      total 306176K, used 23535K [0x00000000eb700000, 0x0000000100000000, 0x0000000100000000)
  eden space 282624K, 0% used [0x00000000eb700000,0x00000000eb700000,0x00000000fcb00000)
  from space 23552K, 99% used [0x00000000fe900000,0x00000000ffffbf88,0x0000000100000000)
  to   space 27136K, 0% used [0x00000000fcb00000,0x00000000fcb00000,0x00000000fe580000)
 ParOldGen       total 85504K, used 62996K [0x00000000c2400000, 0x00000000c7780000, 0x00000000eb700000)
  object space 85504K, 73% used [0x00000000c2400000,0x00000000c6185208,0x00000000c7780000)
 Metaspace       used 60365K, capacity 61140K, committed 61912K, reserved 1103872K
  class space    used 6818K, capacity 7071K, committed 7168K, reserved 1048576K
}
Event: 77.112 GC heap before
{Heap before GC invocations=24 (full 3):
 PSYoungGen      total 306176K, used 306159K [0x00000000eb700000, 0x0000000100000000, 0x0000000100000000)
  eden space 282624K, 100% used [0x00000000eb700000,0x00000000fcb00000,0x00000000fcb00000)
  from space 23552K, 99% used [0x00000000fe900000,0x00000000ffffbf88,0x0000000100000000)
  to   space 27136K, 0% used [0x00000000fcb00000,0x00000000fcb00000,0x00000000fe580000)
 ParOldGen       total 85504K, used 62996K [0x00000000c2400000, 0x00000000c7780000, 0x00000000eb700000)
  object space 85504K, 73% used [0x00000000c2400000,0x00000000c6185208,0x00000000c7780000)
 Metaspace       used 61614K, capacity 62476K, committed 63320K, reserved 1105920K
  class space    used 6914K, capacity 7177K, committed 7296K, reserved 1048576K
Event: 78.039 GC heap after
Heap after GC invocations=24 (full 3):
 PSYoungGen      total 309760K, used 14402K [0x00000000eb700000, 0x0000000100000000, 0x0000000100000000)
  eden space 282624K, 0% used [0x00000000eb700000,0x00000000eb700000,0x00000000fcb00000)
  from space 27136K, 53% used [0x00000000fcb00000,0x00000000fd910a20,0x00000000fe580000)
  to   space 27136K, 0% used [0x00000000fe580000,0x00000000fe580000,0x0000000100000000)
 ParOldGen       total 85504K, used 80656K [0x00000000c2400000, 0x00000000c7780000, 0x00000000eb700000)
  object space 85504K, 94% used [0x00000000c2400000,0x00000000c72c4228,0x00000000c7780000)
 Metaspace       used 61614K, capacity 62476K, committed 63320K, reserved 1105920K
  class space    used 6914K, capacity 7177K, committed 7296K, reserved 1048576K
}
Event: 78.139 GC heap before
{Heap before GC invocations=25 (full 4):
 PSYoungGen      total 309760K, used 14402K [0x00000000eb700000, 0x0000000100000000, 0x0000000100000000)
  eden space 282624K, 0% used [0x00000000eb700000,0x00000000eb700000,0x00000000fcb00000)
  from space 27136K, 53% used [0x00000000fcb00000,0x00000000fd910a20,0x00000000fe580000)
  to   space 27136K, 0% used [0x00000000fe580000,0x00000000fe580000,0x0000000100000000)
 ParOldGen       total 85504K, used 80656K [0x00000000c2400000, 0x00000000c7780000, 0x00000000eb700000)
  object space 85504K, 94% used [0x00000000c2400000,0x00000000c72c4228,0x00000000c7780000)
 Metaspace       used 61614K, capacity 62476K, committed 63320K, reserved 1105920K
  class space    used 6914K, capacity 7177K, committed 7296K, reserved 1048576K

