# JRE version: Java(TM) SE Runtime Environment (8.0_144-b01) (build 1.8.0_144-b01)
# Java VM: Java HotSpot(TM) 64-Bit Server VM (25.144-b01 mixed mode linux-amd64 compressed oops)
Heap:
 PSYoungGen      total 134656K, used 6857K [0x00000000eb700000, 0x00000000f4200000, 0x0000000100000000)
  eden space 126976K, 0% used [0x00000000eb700000,0x00000000eb700000,0x00000000f3300000)
  from space 7680K, 89% used [0x00000000f3300000,0x00000000f39b27c8,0x00000000f3a80000)
  to   space 7168K, 0% used [0x00000000f3b00000,0x00000000f3b00000,0x00000000f4200000)
 ParOldGen       total 42496K, used 12686K [0x00000000c2400000, 0x00000000c4d80000, 0x00000000eb700000)
  object space 42496K, 29% used [0x00000000c2400000,0x00000000c3063988,0x00000000c4d80000)
 Metaspace       used 19402K, capacity 19608K, committed 19712K, reserved 1067008K
  class space    used 2220K, capacity 2304K, committed 2304K, reserved 1048576K
GC Heap History (10 events):
Event: 1.359 GC heap after
Heap after GC invocations=2 (full 0):
 PSYoungGen      total 34304K, used 2534K [0x00000000eb700000, 0x00000000edb00000, 0x0000000100000000)
  eden space 31744K, 0% used [0x00000000eb700000,0x00000000eb700000,0x00000000ed600000)
  from space 2560K, 99% used [0x00000000ed880000,0x00000000edaf9a88,0x00000000edb00000)
  to   space 2560K, 0% used [0x00000000ed600000,0x00000000ed600000,0x00000000ed880000)
 ParOldGen       total 42496K, used 1498K [0x00000000c2400000, 0x00000000c4d80000, 0x00000000eb700000)
  object space 42496K, 3% used [0x00000000c2400000,0x00000000c2576bf0,0x00000000c4d80000)
 Metaspace       used 9840K, capacity 9942K, committed 10112K, reserved 1058816K
  class space    used 1126K, capacity 1137K, committed 1152K, reserved 1048576K
}
Event: 1.949 GC heap before
{Heap before GC invocations=3 (full 0):
 PSYoungGen      total 34304K, used 34278K [0x00000000eb700000, 0x00000000edb00000, 0x0000000100000000)
  eden space 31744K, 100% used [0x00000000eb700000,0x00000000ed600000,0x00000000ed600000)
  from space 2560K, 99% used [0x00000000ed880000,0x00000000edaf9a88,0x00000000edb00000)
  to   space 2560K, 0% used [0x00000000ed600000,0x00000000ed600000,0x00000000ed880000)
 ParOldGen       total 42496K, used 1498K [0x00000000c2400000, 0x00000000c4d80000, 0x00000000eb700000)
  object space 42496K, 3% used [0x00000000c2400000,0x00000000c2576bf0,0x00000000c4d80000)
 Metaspace       used 12888K, capacity 13050K, committed 13184K, reserved 1060864K
  class space    used 1510K, capacity 1595K, committed 1664K, reserved 1048576K
Event: 1.974 GC heap after
Heap after GC invocations=3 (full 0):
 PSYoungGen      total 34304K, used 2534K [0x00000000eb700000, 0x00000000efa00000, 0x0000000100000000)
  eden space 31744K, 0% used [0x00000000eb700000,0x00000000eb700000,0x00000000ed600000)
  from space 2560K, 99% used [0x00000000ed600000,0x00000000ed879a88,0x00000000ed880000)
  to   space 2560K, 0% used [0x00000000ef780000,0x00000000ef780000,0x00000000efa00000)
 ParOldGen       total 42496K, used 3872K [0x00000000c2400000, 0x00000000c4d80000, 0x00000000eb700000)
  object space 42496K, 9% used [0x00000000c2400000,0x00000000c27c82f0,0x00000000c4d80000)
 Metaspace       used 12888K, capacity 13050K, committed 13184K, reserved 1060864K
  class space    used 1510K, capacity 1595K, committed 1664K, reserved 1048576K
}
Event: 2.399 GC heap before
{Heap before GC invocations=4 (full 0):
 PSYoungGen      total 34304K, used 34278K [0x00000000eb700000, 0x00000000efa00000, 0x0000000100000000)
  eden space 31744K, 100% used [0x00000000eb700000,0x00000000ed600000,0x00000000ed600000)
  from space 2560K, 99% used [0x00000000ed600000,0x00000000ed879a88,0x00000000ed880000)
  to   space 2560K, 0% used [0x00000000ef780000,0x00000000ef780000,0x00000000efa00000)
 ParOldGen       total 42496K, used 3872K [0x00000000c2400000, 0x00000000c4d80000, 0x00000000eb700000)
  object space 42496K, 9% used [0x00000000c2400000,0x00000000c27c82f0,0x00000000c4d80000)
 Metaspace       used 14311K, capacity 14534K, committed 14848K, reserved 1062912K
  class space    used 1652K, capacity 1725K, committed 1792K, reserved 1048576K
Event: 2.436 GC heap after
Heap after GC invocations=4 (full 0):
 PSYoungGen      total 66048K, used 2542K [0x00000000eb700000, 0x00000000efa00000, 0x0000000100000000)
  eden space 63488K, 0% used [0x00000000eb700000,0x00000000eb700000,0x00000000ef500000)
  from space 2560K, 99% used [0x00000000ef780000,0x00000000ef9fbbc8,0x00000000efa00000)
  to   space 2560K, 0% used [0x00000000ef500000,0x00000000ef500000,0x00000000ef780000)
 ParOldGen       total 42496K, used 6916K [0x00000000c2400000, 0x00000000c4d80000, 0x00000000eb700000)
  object space 42496K, 16% used [0x00000000c2400000,0x00000000c2ac1368,0x00000000c4d80000)
 Metaspace       used 14311K, capacity 14534K, committed 14848K, reserved 1062912K
  class space    used 1652K, capacity 1725K, committed 1792K, reserved 1048576K
}
Event: 3.248 GC heap before
{Heap before GC invocations=5 (full 0):
 PSYoungGen      total 66048K, used 66030K [0x00000000eb700000, 0x00000000efa00000, 0x0000000100000000)
  eden space 63488K, 100% used [0x00000000eb700000,0x00000000ef500000,0x00000000ef500000)
  from space 2560K, 99% used [0x00000000ef780000,0x00000000ef9fbbc8,0x00000000efa00000)
  to   space 2560K, 0% used [0x00000000ef500000,0x00000000ef500000,0x00000000ef780000)
 ParOldGen       total 42496K, used 6916K [0x00000000c2400000, 0x00000000c4d80000, 0x00000000eb700000)
  object space 42496K, 16% used [0x00000000c2400000,0x00000000c2ac1368,0x00000000c4d80000)
 Metaspace       used 14846K, capacity 15046K, committed 15360K, reserved 1062912K
  class space    used 1661K, capacity 1725K, committed 1792K, reserved 1048576K
Event: 3.281 GC heap after
Heap after GC invocations=5 (full 0):
 PSYoungGen      total 66048K, used 2560K [0x00000000eb700000, 0x00000000f4300000, 0x0000000100000000)
  eden space 63488K, 0% used [0x00000000eb700000,0x00000000eb700000,0x00000000ef500000)
  from space 2560K, 100% used [0x00000000ef500000,0x00000000ef780000,0x00000000ef780000)
  to   space 8192K, 0% used [0x00000000f3b00000,0x00000000f3b00000,0x00000000f4300000)
 ParOldGen       total 42496K, used 11333K [0x00000000c2400000, 0x00000000c4d80000, 0x00000000eb700000)
  object space 42496K, 26% used [0x00000000c2400000,0x00000000c2f114c8,0x00000000c4d80000)
 Metaspace       used 14846K, capacity 15046K, committed 15360K, reserved 1062912K
  class space    used 1661K, capacity 1725K, committed 1792K, reserved 1048576K
}
Event: 3.940 GC heap before
{Heap before GC invocations=6 (full 0):
 PSYoungGen      total 66048K, used 66048K [0x00000000eb700000, 0x00000000f4300000, 0x0000000100000000)
  eden space 63488K, 100% used [0x00000000eb700000,0x00000000ef500000,0x00000000ef500000)
  from space 2560K, 100% used [0x00000000ef500000,0x00000000ef780000,0x00000000ef780000)
  to   space 8192K, 0% used [0x00000000f3b00000,0x00000000f3b00000,0x00000000f4300000)
 ParOldGen       total 42496K, used 11333K [0x00000000c2400000, 0x00000000c4d80000, 0x00000000eb700000)
  object space 42496K, 26% used [0x00000000c2400000,0x00000000c2f114c8,0x00000000c4d80000)
 Metaspace       used 15042K, capacity 15238K, committed 15616K, reserved 1062912K
  class space    used 1661K, capacity 1725K, committed 1792K, reserved 1048576K
Event: 3.974 GC heap after
Heap after GC invocations=6 (full 0):
 PSYoungGen      total 134144K, used 5071K [0x00000000eb700000, 0x00000000f4200000, 0x0000000100000000)
  eden space 126976K, 0% used [0x00000000eb700000,0x00000000eb700000,0x00000000f3300000)
  from space 7168K, 70% used [0x00000000f3b00000,0x00000000f3ff3fc8,0x00000000f4200000)
  to   space 7680K, 0% used [0x00000000f3300000,0x00000000f3300000,0x00000000f3a80000)
 ParOldGen       total 42496K, used 11341K [0x00000000c2400000, 0x00000000c4d80000, 0x00000000eb700000)
  object space 42496K, 26% used [0x00000000c2400000,0x00000000c2f134c8,0x00000000c4d80000)
 Metaspace       used 15042K, capacity 15238K, committed 15616K, reserved 1062912K
  class space    used 1661K, capacity 1725K, committed 1792K, reserved 1048576K
}
Event: 7.217 GC heap before
{Heap before GC invocations=7 (full 0):
 PSYoungGen      total 134144K, used 132047K [0x00000000eb700000, 0x00000000f4200000, 0x0000000100000000)
  eden space 126976K, 100% used [0x00000000eb700000,0x00000000f3300000,0x00000000f3300000)
  from space 7168K, 70% used [0x00000000f3b00000,0x00000000f3ff3fc8,0x00000000f4200000)
  to   space 7680K, 0% used [0x00000000f3300000,0x00000000f3300000,0x00000000f3a80000)
 ParOldGen       total 42496K, used 11341K [0x00000000c2400000, 0x00000000c4d80000, 0x00000000eb700000)
  object space 42496K, 26% used [0x00000000c2400000,0x00000000c2f134c8,0x00000000c4d80000)
 Metaspace       used 19402K, capacity 19608K, committed 19712K, reserved 1067008K
  class space    used 2220K, capacity 2304K, committed 2304K, reserved 1048576K

